  Determining projects to restore...
C:\Users\nikop\dev_folder\MyWebApplication\MyWebApplication\MyWebApplication.csproj : warning NU1608: Detected package version outside of dependency constraint: Microsoft.CodeAnalysis.CSharp.Features 4.8.0-3.final requires Microsoft.CodeAnalysis.Common (= 4.8.0-3.final) but version Microsoft.CodeAnalysis.Common 4.8.0 was resolved.
C:\Users\nikop\dev_folder\MyWebApplication\MyWebApplication\MyWebApplication.csproj : warning NU1608: Detected package version outside of dependency constraint: Microsoft.CodeAnalysis.CSharp.Features 4.8.0-3.final requires Microsoft.CodeAnalysis.CSharp (= 4.8.0-3.final) but version Microsoft.CodeAnalysis.CSharp 4.8.0 was resolved.
C:\Users\nikop\dev_folder\MyWebApplication\MyWebApplication\MyWebApplication.csproj : warning NU1608: Detected package version outside of dependency constraint: Microsoft.CodeAnalysis.CSharp.Features 4.8.0-3.final requires Microsoft.CodeAnalysis.Workspaces.Common (= 4.8.0-3.final) but version Microsoft.CodeAnalysis.Workspaces.Common 4.8.0 was resolved.
C:\Users\nikop\dev_folder\MyWebApplication\MyWebApplication\MyWebApplication.csproj : warning NU1608: Detected package version outside of dependency constraint: Microsoft.CodeAnalysis.CSharp.Features 4.8.0-3.final requires Microsoft.CodeAnalysis.CSharp.Workspaces (= 4.8.0-3.final) but version Microsoft.CodeAnalysis.CSharp.Workspaces 4.8.0 was resolved.
C:\Users\nikop\dev_folder\MyWebApplication\MyWebApplication\MyWebApplication.csproj : warning NU1608: Detected package version outside of dependency constraint: Microsoft.CodeAnalysis.Features 4.8.0-3.final requires Microsoft.CodeAnalysis.Common (= 4.8.0-3.final) but version Microsoft.CodeAnalysis.Common 4.8.0 was resolved.
C:\Users\nikop\dev_folder\MyWebApplication\MyWebApplication\MyWebApplication.csproj : warning NU1608: Detected package version outside of dependency constraint: Microsoft.CodeAnalysis.Features 4.8.0-3.final requires Microsoft.CodeAnalysis.Workspaces.Common (= 4.8.0-3.final) but version Microsoft.CodeAnalysis.Workspaces.Common 4.8.0 was resolved.
C:\Users\nikop\dev_folder\MyWebApplication\MyWebApplication\MyWebApplication.csproj : warning NU1608: Detected package version outside of dependency constraint: Microsoft.CodeAnalysis.Scripting.Common 4.8.0-3.final requires Microsoft.CodeAnalysis.Common (= 4.8.0-3.final) but version Microsoft.CodeAnalysis.Common 4.8.0 was resolved.
  All projects are up-to-date for restore.
C:\Users\nikop\dev_folder\MyWebApplication\MyWebApplication\MyWebApplication.csproj : warning NU1608: Detected package version outside of dependency constraint: Microsoft.CodeAnalysis.CSharp.Features 4.8.0-3.final requires Microsoft.CodeAnalysis.Common (= 4.8.0-3.final) but version Microsoft.CodeAnalysis.Common 4.8.0 was resolved.
C:\Users\nikop\dev_folder\MyWebApplication\MyWebApplication\MyWebApplication.csproj : warning NU1608: Detected package version outside of dependency constraint: Microsoft.CodeAnalysis.CSharp.Features 4.8.0-3.final requires Microsoft.CodeAnalysis.CSharp (= 4.8.0-3.final) but version Microsoft.CodeAnalysis.CSharp 4.8.0 was resolved.
C:\Users\nikop\dev_folder\MyWebApplication\MyWebApplication\MyWebApplication.csproj : warning NU1608: Detected package version outside of dependency constraint: Microsoft.CodeAnalysis.CSharp.Features 4.8.0-3.final requires Microsoft.CodeAnalysis.Workspaces.Common (= 4.8.0-3.final) but version Microsoft.CodeAnalysis.Workspaces.Common 4.8.0 was resolved.
C:\Users\nikop\dev_folder\MyWebApplication\MyWebApplication\MyWebApplication.csproj : warning NU1608: Detected package version outside of dependency constraint: Microsoft.CodeAnalysis.CSharp.Features 4.8.0-3.final requires Microsoft.CodeAnalysis.CSharp.Workspaces (= 4.8.0-3.final) but version Microsoft.CodeAnalysis.CSharp.Workspaces 4.8.0 was resolved.
C:\Users\nikop\dev_folder\MyWebApplication\MyWebApplication\MyWebApplication.csproj : warning NU1608: Detected package version outside of dependency constraint: Microsoft.CodeAnalysis.Features 4.8.0-3.final requires Microsoft.CodeAnalysis.Common (= 4.8.0-3.final) but version Microsoft.CodeAnalysis.Common 4.8.0 was resolved.
C:\Users\nikop\dev_folder\MyWebApplication\MyWebApplication\MyWebApplication.csproj : warning NU1608: Detected package version outside of dependency constraint: Microsoft.CodeAnalysis.Features 4.8.0-3.final requires Microsoft.CodeAnalysis.Workspaces.Common (= 4.8.0-3.final) but version Microsoft.CodeAnalysis.Workspaces.Common 4.8.0 was resolved.
C:\Users\nikop\dev_folder\MyWebApplication\MyWebApplication\MyWebApplication.csproj : warning NU1608: Detected package version outside of dependency constraint: Microsoft.CodeAnalysis.Scripting.Common 4.8.0-3.final requires Microsoft.CodeAnalysis.Common (= 4.8.0-3.final) but version Microsoft.CodeAnalysis.Common 4.8.0 was resolved.
C:\Users\nikop\dev_folder\MyWebApplication\MyWebApplication\Areas\Identity\Pages\Account\Register.cshtml.cs(69,57): warning CS8625: Cannot convert null literal to non-nullable reference type. [C:\Users\nikop\dev_folder\MyWebApplication\MyWebApplication\MyWebApplication.csproj]
C:\Users\nikop\dev_folder\MyWebApplication\MyWebApplication\Areas\Identity\Pages\Account\Register.cshtml.cs(75,73): warning CS8625: Cannot convert null literal to non-nullable reference type. [C:\Users\nikop\dev_folder\MyWebApplication\MyWebApplication\MyWebApplication.csproj]
C:\Users\nikop\dev_folder\MyWebApplication\MyWebApplication\Areas\Identity\Pages\Account\Login.cshtml.cs(56,57): warning CS8625: Cannot convert null literal to non-nullable reference type. [C:\Users\nikop\dev_folder\MyWebApplication\MyWebApplication\MyWebApplication.csproj]
C:\Users\nikop\dev_folder\MyWebApplication\MyWebApplication\Areas\Identity\Pages\Account\Login.cshtml.cs(73,73): warning CS8625: Cannot convert null literal to non-nullable reference type. [C:\Users\nikop\dev_folder\MyWebApplication\MyWebApplication\MyWebApplication.csproj]
C:\Users\nikop\dev_folder\MyWebApplication\MyWebApplication\Models\ApplicationUser.cs(8,23): warning CS8618: Non-nullable property 'Name' must contain a non-null value when exiting constructor. Consider adding the 'required' modifier or declaring the property as nullable. [C:\Users\nikop\dev_folder\MyWebApplication\MyWebApplication\MyWebApplication.csproj]
C:\Users\nikop\dev_folder\MyWebApplication\MyWebApplication\Views\Shared\_Layout.cshtml(99,97): warning CS8602: Dereference of a possibly null reference. [C:\Users\nikop\dev_folder\MyWebApplication\MyWebApplication\MyWebApplication.csproj]
C:\Users\nikop\dev_folder\MyWebApplication\MyWebApplication\Views\Shared\_Layout.cshtml(99,96): warning CS8604: Possible null reference argument for parameter 'inArray' in 'string Convert.ToBase64String(byte[] inArray)'. [C:\Users\nikop\dev_folder\MyWebApplication\MyWebApplication\MyWebApplication.csproj]
C:\Users\nikop\dev_folder\MyWebApplication\MyWebApplication\Areas\Identity\Pages\Account\Register.cshtml.cs(28,16): warning CS8618: Non-nullable property 'Input' must contain a non-null value when exiting constructor. Consider adding the 'required' modifier or declaring the property as nullable. [C:\Users\nikop\dev_folder\MyWebApplication\MyWebApplication\MyWebApplication.csproj]
C:\Users\nikop\dev_folder\MyWebApplication\MyWebApplication\Areas\Identity\Pages\Account\Register.cshtml.cs(28,16): warning CS8618: Non-nullable property 'ReturnUrl' must contain a non-null value when exiting constructor. Consider adding the 'required' modifier or declaring the property as nullable. [C:\Users\nikop\dev_folder\MyWebApplication\MyWebApplication\MyWebApplication.csproj]
C:\Users\nikop\dev_folder\MyWebApplication\MyWebApplication\Areas\Identity\Pages\Account\Register.cshtml.cs(28,16): warning CS8618: Non-nullable property 'ExternalLogins' must contain a non-null value when exiting constructor. Consider adding the 'required' modifier or declaring the property as nullable. [C:\Users\nikop\dev_folder\MyWebApplication\MyWebApplication\MyWebApplication.csproj]
C:\Users\nikop\dev_folder\MyWebApplication\MyWebApplication\Areas\Identity\Pages\Account\Register.cshtml.cs(50,27): warning CS8618: Non-nullable property 'Name' must contain a non-null value when exiting constructor. Consider adding the 'required' modifier or declaring the property as nullable. [C:\Users\nikop\dev_folder\MyWebApplication\MyWebApplication\MyWebApplication.csproj]
C:\Users\nikop\dev_folder\MyWebApplication\MyWebApplication\Areas\Identity\Pages\Account\Register.cshtml.cs(55,27): warning CS8618: Non-nullable property 'Email' must contain a non-null value when exiting constructor. Consider adding the 'required' modifier or declaring the property as nullable. [C:\Users\nikop\dev_folder\MyWebApplication\MyWebApplication\MyWebApplication.csproj]
C:\Users\nikop\dev_folder\MyWebApplication\MyWebApplication\Areas\Identity\Pages\Account\Register.cshtml.cs(61,27): warning CS8618: Non-nullable property 'Password' must contain a non-null value when exiting constructor. Consider adding the 'required' modifier or declaring the property as nullable. [C:\Users\nikop\dev_folder\MyWebApplication\MyWebApplication\MyWebApplication.csproj]
C:\Users\nikop\dev_folder\MyWebApplication\MyWebApplication\Areas\Identity\Pages\Account\Register.cshtml.cs(66,27): warning CS8618: Non-nullable property 'ConfirmPassword' must contain a non-null value when exiting constructor. Consider adding the 'required' modifier or declaring the property as nullable. [C:\Users\nikop\dev_folder\MyWebApplication\MyWebApplication\MyWebApplication.csproj]
C:\Users\nikop\dev_folder\MyWebApplication\MyWebApplication\Areas\Identity\Pages\Account\Login.cshtml.cs(23,16): warning CS8618: Non-nullable property 'Input' must contain a non-null value when exiting constructor. Consider adding the 'required' modifier or declaring the property as nullable. [C:\Users\nikop\dev_folder\MyWebApplication\MyWebApplication\MyWebApplication.csproj]
C:\Users\nikop\dev_folder\MyWebApplication\MyWebApplication\Areas\Identity\Pages\Account\Login.cshtml.cs(23,16): warning CS8618: Non-nullable property 'ExternalLogins' must contain a non-null value when exiting constructor. Consider adding the 'required' modifier or declaring the property as nullable. [C:\Users\nikop\dev_folder\MyWebApplication\MyWebApplication\MyWebApplication.csproj]
C:\Users\nikop\dev_folder\MyWebApplication\MyWebApplication\Areas\Identity\Pages\Account\Login.cshtml.cs(23,16): warning CS8618: Non-nullable property 'ReturnUrl' must contain a non-null value when exiting constructor. Consider adding the 'required' modifier or declaring the property as nullable. [C:\Users\nikop\dev_folder\MyWebApplication\MyWebApplication\MyWebApplication.csproj]
C:\Users\nikop\dev_folder\MyWebApplication\MyWebApplication\Areas\Identity\Pages\Account\Login.cshtml.cs(23,16): warning CS8618: Non-nullable property 'ErrorMessage' must contain a non-null value when exiting constructor. Consider adding the 'required' modifier or declaring the property as nullable. [C:\Users\nikop\dev_folder\MyWebApplication\MyWebApplication\MyWebApplication.csproj]
C:\Users\nikop\dev_folder\MyWebApplication\MyWebApplication\Views\Student\Index.cshtml(97,47): warning CS8602: Dereference of a possibly null reference. [C:\Users\nikop\dev_folder\MyWebApplication\MyWebApplication\MyWebApplication.csproj]
C:\Users\nikop\dev_folder\MyWebApplication\MyWebApplication\Areas\Identity\Pages\Account\Login.cshtml.cs(46,27): warning CS8618: Non-nullable property 'Email' must contain a non-null value when exiting constructor. Consider adding the 'required' modifier or declaring the property as nullable. [C:\Users\nikop\dev_folder\MyWebApplication\MyWebApplication\MyWebApplication.csproj]
C:\Users\nikop\dev_folder\MyWebApplication\MyWebApplication\Areas\Identity\Pages\Account\Login.cshtml.cs(50,27): warning CS8618: Non-nullable property 'Password' must contain a non-null value when exiting constructor. Consider adding the 'required' modifier or declaring the property as nullable. [C:\Users\nikop\dev_folder\MyWebApplication\MyWebApplication\MyWebApplication.csproj]
C:\Users\nikop\dev_folder\MyWebApplication\MyWebApplication\Areas\Identity\Pages\Account\Manage\_Layout.cshtml(4,18): warning CS8600: Converting null literal or possible null value to non-nullable type. [C:\Users\nikop\dev_folder\MyWebApplication\MyWebApplication\MyWebApplication.csproj]
C:\Users\nikop\dev_folder\MyWebApplication\MyWebApplication\Areas\Identity\Pages\Account\Manage\_ManageNav.cshtml(7,29): error CS0103: The name 'ManageNavPages' does not exist in the current context [C:\Users\nikop\dev_folder\MyWebApplication\MyWebApplication\MyWebApplication.csproj]
C:\Users\nikop\dev_folder\MyWebApplication\MyWebApplication\Areas\Identity\Pages\Account\Manage\_ManageNav.cshtml(12,29): error CS0103: The name 'ManageNavPages' does not exist in the current context [C:\Users\nikop\dev_folder\MyWebApplication\MyWebApplication\MyWebApplication.csproj]
C:\Users\nikop\dev_folder\MyWebApplication\MyWebApplication\Areas\Identity\Pages\Account\Manage\_ManageNav.cshtml(17,29): error CS0103: The name 'ManageNavPages' does not exist in the current context [C:\Users\nikop\dev_folder\MyWebApplication\MyWebApplication\MyWebApplication.csproj]
C:\Users\nikop\dev_folder\MyWebApplication\MyWebApplication\Areas\Identity\Pages\Account\Manage\_ManageNav.cshtml(24,53): error CS0103: The name 'ManageNavPages' does not exist in the current context [C:\Users\nikop\dev_folder\MyWebApplication\MyWebApplication\MyWebApplication.csproj]
C:\Users\nikop\dev_folder\MyWebApplication\MyWebApplication\Views\GatePass\Index.cshtml(84,47): warning CS8602: Dereference of a possibly null reference. [C:\Users\nikop\dev_folder\MyWebApplication\MyWebApplication\MyWebApplication.csproj]
C:\Users\nikop\dev_folder\MyWebApplication\MyWebApplication\Views\ActivityReservation\Index.cshtml(85,47): warning CS8602: Dereference of a possibly null reference. [C:\Users\nikop\dev_folder\MyWebApplication\MyWebApplication\MyWebApplication.csproj]
C:\Users\nikop\dev_folder\MyWebApplication\MyWebApplication\Views\LockerRequest\Index.cshtml(85,47): warning CS8602: Dereference of a possibly null reference. [C:\Users\nikop\dev_folder\MyWebApplication\MyWebApplication\MyWebApplication.csproj]

Build FAILED.

C:\Users\nikop\dev_folder\MyWebApplication\MyWebApplication\MyWebApplication.csproj : warning NU1608: Detected package version outside of dependency constraint: Microsoft.CodeAnalysis.CSharp.Features 4.8.0-3.final requires Microsoft.CodeAnalysis.Common (= 4.8.0-3.final) but version Microsoft.CodeAnalysis.Common 4.8.0 was resolved.
C:\Users\nikop\dev_folder\MyWebApplication\MyWebApplication\MyWebApplication.csproj : warning NU1608: Detected package version outside of dependency constraint: Microsoft.CodeAnalysis.CSharp.Features 4.8.0-3.final requires Microsoft.CodeAnalysis.CSharp (= 4.8.0-3.final) but version Microsoft.CodeAnalysis.CSharp 4.8.0 was resolved.
C:\Users\nikop\dev_folder\MyWebApplication\MyWebApplication\MyWebApplication.csproj : warning NU1608: Detected package version outside of dependency constraint: Microsoft.CodeAnalysis.CSharp.Features 4.8.0-3.final requires Microsoft.CodeAnalysis.Workspaces.Common (= 4.8.0-3.final) but version Microsoft.CodeAnalysis.Workspaces.Common 4.8.0 was resolved.
C:\Users\nikop\dev_folder\MyWebApplication\MyWebApplication\MyWebApplication.csproj : warning NU1608: Detected package version outside of dependency constraint: Microsoft.CodeAnalysis.CSharp.Features 4.8.0-3.final requires Microsoft.CodeAnalysis.CSharp.Workspaces (= 4.8.0-3.final) but version Microsoft.CodeAnalysis.CSharp.Workspaces 4.8.0 was resolved.
C:\Users\nikop\dev_folder\MyWebApplication\MyWebApplication\MyWebApplication.csproj : warning NU1608: Detected package version outside of dependency constraint: Microsoft.CodeAnalysis.Features 4.8.0-3.final requires Microsoft.CodeAnalysis.Common (= 4.8.0-3.final) but version Microsoft.CodeAnalysis.Common 4.8.0 was resolved.
C:\Users\nikop\dev_folder\MyWebApplication\MyWebApplication\MyWebApplication.csproj : warning NU1608: Detected package version outside of dependency constraint: Microsoft.CodeAnalysis.Features 4.8.0-3.final requires Microsoft.CodeAnalysis.Workspaces.Common (= 4.8.0-3.final) but version Microsoft.CodeAnalysis.Workspaces.Common 4.8.0 was resolved.
C:\Users\nikop\dev_folder\MyWebApplication\MyWebApplication\MyWebApplication.csproj : warning NU1608: Detected package version outside of dependency constraint: Microsoft.CodeAnalysis.Scripting.Common 4.8.0-3.final requires Microsoft.CodeAnalysis.Common (= 4.8.0-3.final) but version Microsoft.CodeAnalysis.Common 4.8.0 was resolved.
C:\Users\nikop\dev_folder\MyWebApplication\MyWebApplication\MyWebApplication.csproj : warning NU1608: Detected package version outside of dependency constraint: Microsoft.CodeAnalysis.CSharp.Features 4.8.0-3.final requires Microsoft.CodeAnalysis.Common (= 4.8.0-3.final) but version Microsoft.CodeAnalysis.Common 4.8.0 was resolved.
C:\Users\nikop\dev_folder\MyWebApplication\MyWebApplication\MyWebApplication.csproj : warning NU1608: Detected package version outside of dependency constraint: Microsoft.CodeAnalysis.CSharp.Features 4.8.0-3.final requires Microsoft.CodeAnalysis.CSharp (= 4.8.0-3.final) but version Microsoft.CodeAnalysis.CSharp 4.8.0 was resolved.
C:\Users\nikop\dev_folder\MyWebApplication\MyWebApplication\MyWebApplication.csproj : warning NU1608: Detected package version outside of dependency constraint: Microsoft.CodeAnalysis.CSharp.Features 4.8.0-3.final requires Microsoft.CodeAnalysis.Workspaces.Common (= 4.8.0-3.final) but version Microsoft.CodeAnalysis.Workspaces.Common 4.8.0 was resolved.
C:\Users\nikop\dev_folder\MyWebApplication\MyWebApplication\MyWebApplication.csproj : warning NU1608: Detected package version outside of dependency constraint: Microsoft.CodeAnalysis.CSharp.Features 4.8.0-3.final requires Microsoft.CodeAnalysis.CSharp.Workspaces (= 4.8.0-3.final) but version Microsoft.CodeAnalysis.CSharp.Workspaces 4.8.0 was resolved.
C:\Users\nikop\dev_folder\MyWebApplication\MyWebApplication\MyWebApplication.csproj : warning NU1608: Detected package version outside of dependency constraint: Microsoft.CodeAnalysis.Features 4.8.0-3.final requires Microsoft.CodeAnalysis.Common (= 4.8.0-3.final) but version Microsoft.CodeAnalysis.Common 4.8.0 was resolved.
C:\Users\nikop\dev_folder\MyWebApplication\MyWebApplication\MyWebApplication.csproj : warning NU1608: Detected package version outside of dependency constraint: Microsoft.CodeAnalysis.Features 4.8.0-3.final requires Microsoft.CodeAnalysis.Workspaces.Common (= 4.8.0-3.final) but version Microsoft.CodeAnalysis.Workspaces.Common 4.8.0 was resolved.
C:\Users\nikop\dev_folder\MyWebApplication\MyWebApplication\MyWebApplication.csproj : warning NU1608: Detected package version outside of dependency constraint: Microsoft.CodeAnalysis.Scripting.Common 4.8.0-3.final requires Microsoft.CodeAnalysis.Common (= 4.8.0-3.final) but version Microsoft.CodeAnalysis.Common 4.8.0 was resolved.
C:\Users\nikop\dev_folder\MyWebApplication\MyWebApplication\Areas\Identity\Pages\Account\Register.cshtml.cs(69,57): warning CS8625: Cannot convert null literal to non-nullable reference type. [C:\Users\nikop\dev_folder\MyWebApplication\MyWebApplication\MyWebApplication.csproj]
C:\Users\nikop\dev_folder\MyWebApplication\MyWebApplication\Areas\Identity\Pages\Account\Register.cshtml.cs(75,73): warning CS8625: Cannot convert null literal to non-nullable reference type. [C:\Users\nikop\dev_folder\MyWebApplication\MyWebApplication\MyWebApplication.csproj]
C:\Users\nikop\dev_folder\MyWebApplication\MyWebApplication\Areas\Identity\Pages\Account\Login.cshtml.cs(56,57): warning CS8625: Cannot convert null literal to non-nullable reference type. [C:\Users\nikop\dev_folder\MyWebApplication\MyWebApplication\MyWebApplication.csproj]
C:\Users\nikop\dev_folder\MyWebApplication\MyWebApplication\Areas\Identity\Pages\Account\Login.cshtml.cs(73,73): warning CS8625: Cannot convert null literal to non-nullable reference type. [C:\Users\nikop\dev_folder\MyWebApplication\MyWebApplication\MyWebApplication.csproj]
C:\Users\nikop\dev_folder\MyWebApplication\MyWebApplication\Models\ApplicationUser.cs(8,23): warning CS8618: Non-nullable property 'Name' must contain a non-null value when exiting constructor. Consider adding the 'required' modifier or declaring the property as nullable. [C:\Users\nikop\dev_folder\MyWebApplication\MyWebApplication\MyWebApplication.csproj]
C:\Users\nikop\dev_folder\MyWebApplication\MyWebApplication\Views\Shared\_Layout.cshtml(99,97): warning CS8602: Dereference of a possibly null reference. [C:\Users\nikop\dev_folder\MyWebApplication\MyWebApplication\MyWebApplication.csproj]
C:\Users\nikop\dev_folder\MyWebApplication\MyWebApplication\Views\Shared\_Layout.cshtml(99,96): warning CS8604: Possible null reference argument for parameter 'inArray' in 'string Convert.ToBase64String(byte[] inArray)'. [C:\Users\nikop\dev_folder\MyWebApplication\MyWebApplication\MyWebApplication.csproj]
C:\Users\nikop\dev_folder\MyWebApplication\MyWebApplication\Areas\Identity\Pages\Account\Register.cshtml.cs(28,16): warning CS8618: Non-nullable property 'Input' must contain a non-null value when exiting constructor. Consider adding the 'required' modifier or declaring the property as nullable. [C:\Users\nikop\dev_folder\MyWebApplication\MyWebApplication\MyWebApplication.csproj]
C:\Users\nikop\dev_folder\MyWebApplication\MyWebApplication\Areas\Identity\Pages\Account\Register.cshtml.cs(28,16): warning CS8618: Non-nullable property 'ReturnUrl' must contain a non-null value when exiting constructor. Consider adding the 'required' modifier or declaring the property as nullable. [C:\Users\nikop\dev_folder\MyWebApplication\MyWebApplication\MyWebApplication.csproj]
C:\Users\nikop\dev_folder\MyWebApplication\MyWebApplication\Areas\Identity\Pages\Account\Register.cshtml.cs(28,16): warning CS8618: Non-nullable property 'ExternalLogins' must contain a non-null value when exiting constructor. Consider adding the 'required' modifier or declaring the property as nullable. [C:\Users\nikop\dev_folder\MyWebApplication\MyWebApplication\MyWebApplication.csproj]
C:\Users\nikop\dev_folder\MyWebApplication\MyWebApplication\Areas\Identity\Pages\Account\Register.cshtml.cs(50,27): warning CS8618: Non-nullable property 'Name' must contain a non-null value when exiting constructor. Consider adding the 'required' modifier or declaring the property as nullable. [C:\Users\nikop\dev_folder\MyWebApplication\MyWebApplication\MyWebApplication.csproj]
C:\Users\nikop\dev_folder\MyWebApplication\MyWebApplication\Areas\Identity\Pages\Account\Register.cshtml.cs(55,27): warning CS8618: Non-nullable property 'Email' must contain a non-null value when exiting constructor. Consider adding the 'required' modifier or declaring the property as nullable. [C:\Users\nikop\dev_folder\MyWebApplication\MyWebApplication\MyWebApplication.csproj]
C:\Users\nikop\dev_folder\MyWebApplication\MyWebApplication\Areas\Identity\Pages\Account\Register.cshtml.cs(61,27): warning CS8618: Non-nullable property 'Password' must contain a non-null value when exiting constructor. Consider adding the 'required' modifier or declaring the property as nullable. [C:\Users\nikop\dev_folder\MyWebApplication\MyWebApplication\MyWebApplication.csproj]
C:\Users\nikop\dev_folder\MyWebApplication\MyWebApplication\Areas\Identity\Pages\Account\Register.cshtml.cs(66,27): warning CS8618: Non-nullable property 'ConfirmPassword' must contain a non-null value when exiting constructor. Consider adding the 'required' modifier or declaring the property as nullable. [C:\Users\nikop\dev_folder\MyWebApplication\MyWebApplication\MyWebApplication.csproj]
C:\Users\nikop\dev_folder\MyWebApplication\MyWebApplication\Areas\Identity\Pages\Account\Login.cshtml.cs(23,16): warning CS8618: Non-nullable property 'Input' must contain a non-null value when exiting constructor. Consider adding the 'required' modifier or declaring the property as nullable. [C:\Users\nikop\dev_folder\MyWebApplication\MyWebApplication\MyWebApplication.csproj]
C:\Users\nikop\dev_folder\MyWebApplication\MyWebApplication\Areas\Identity\Pages\Account\Login.cshtml.cs(23,16): warning CS8618: Non-nullable property 'ExternalLogins' must contain a non-null value when exiting constructor. Consider adding the 'required' modifier or declaring the property as nullable. [C:\Users\nikop\dev_folder\MyWebApplication\MyWebApplication\MyWebApplication.csproj]
C:\Users\nikop\dev_folder\MyWebApplication\MyWebApplication\Areas\Identity\Pages\Account\Login.cshtml.cs(23,16): warning CS8618: Non-nullable property 'ReturnUrl' must contain a non-null value when exiting constructor. Consider adding the 'required' modifier or declaring the property as nullable. [C:\Users\nikop\dev_folder\MyWebApplication\MyWebApplication\MyWebApplication.csproj]
C:\Users\nikop\dev_folder\MyWebApplication\MyWebApplication\Areas\Identity\Pages\Account\Login.cshtml.cs(23,16): warning CS8618: Non-nullable property 'ErrorMessage' must contain a non-null value when exiting constructor. Consider adding the 'required' modifier or declaring the property as nullable. [C:\Users\nikop\dev_folder\MyWebApplication\MyWebApplication\MyWebApplication.csproj]
C:\Users\nikop\dev_folder\MyWebApplication\MyWebApplication\Views\Student\Index.cshtml(97,47): warning CS8602: Dereference of a possibly null reference. [C:\Users\nikop\dev_folder\MyWebApplication\MyWebApplication\MyWebApplication.csproj]
C:\Users\nikop\dev_folder\MyWebApplication\MyWebApplication\Areas\Identity\Pages\Account\Login.cshtml.cs(46,27): warning CS8618: Non-nullable property 'Email' must contain a non-null value when exiting constructor. Consider adding the 'required' modifier or declaring the property as nullable. [C:\Users\nikop\dev_folder\MyWebApplication\MyWebApplication\MyWebApplication.csproj]
C:\Users\nikop\dev_folder\MyWebApplication\MyWebApplication\Areas\Identity\Pages\Account\Login.cshtml.cs(50,27): warning CS8618: Non-nullable property 'Password' must contain a non-null value when exiting constructor. Consider adding the 'required' modifier or declaring the property as nullable. [C:\Users\nikop\dev_folder\MyWebApplication\MyWebApplication\MyWebApplication.csproj]
C:\Users\nikop\dev_folder\MyWebApplication\MyWebApplication\Areas\Identity\Pages\Account\Manage\_Layout.cshtml(4,18): warning CS8600: Converting null literal or possible null value to non-nullable type. [C:\Users\nikop\dev_folder\MyWebApplication\MyWebApplication\MyWebApplication.csproj]
C:\Users\nikop\dev_folder\MyWebApplication\MyWebApplication\Views\GatePass\Index.cshtml(84,47): warning CS8602: Dereference of a possibly null reference. [C:\Users\nikop\dev_folder\MyWebApplication\MyWebApplication\MyWebApplication.csproj]
C:\Users\nikop\dev_folder\MyWebApplication\MyWebApplication\Views\ActivityReservation\Index.cshtml(85,47): warning CS8602: Dereference of a possibly null reference. [C:\Users\nikop\dev_folder\MyWebApplication\MyWebApplication\MyWebApplication.csproj]
C:\Users\nikop\dev_folder\MyWebApplication\MyWebApplication\Views\LockerRequest\Index.cshtml(85,47): warning CS8602: Dereference of a possibly null reference. [C:\Users\nikop\dev_folder\MyWebApplication\MyWebApplication\MyWebApplication.csproj]
C:\Users\nikop\dev_folder\MyWebApplication\MyWebApplication\Areas\Identity\Pages\Account\Manage\_ManageNav.cshtml(7,29): error CS0103: The name 'ManageNavPages' does not exist in the current context [C:\Users\nikop\dev_folder\MyWebApplication\MyWebApplication\MyWebApplication.csproj]
C:\Users\nikop\dev_folder\MyWebApplication\MyWebApplication\Areas\Identity\Pages\Account\Manage\_ManageNav.cshtml(12,29): error CS0103: The name 'ManageNavPages' does not exist in the current context [C:\Users\nikop\dev_folder\MyWebApplication\MyWebApplication\MyWebApplication.csproj]
C:\Users\nikop\dev_folder\MyWebApplication\MyWebApplication\Areas\Identity\Pages\Account\Manage\_ManageNav.cshtml(17,29): error CS0103: The name 'ManageNavPages' does not exist in the current context [C:\Users\nikop\dev_folder\MyWebApplication\MyWebApplication\MyWebApplication.csproj]
C:\Users\nikop\dev_folder\MyWebApplication\MyWebApplication\Areas\Identity\Pages\Account\Manage\_ManageNav.cshtml(24,53): error CS0103: The name 'ManageNavPages' does not exist in the current context [C:\Users\nikop\dev_folder\MyWebApplication\MyWebApplication\MyWebApplication.csproj]
    39 Warning(s)
    4 Error(s)

Time Elapsed 00:00:02.80

Workload updates are available. Run `dotnet workload list` for more information.
